<?xml version="1.0" encoding="UTF-8"?>
<!-- Generated by org.testng.reporters.JUnitXMLReporter -->
<testsuite ignored="1" hostname="DESKTOP-29610L1" failures="0" tests="1" name="Test" time="0.168" errors="0" timestamp="2025-04-22T15:44:48 IST">
  <testcase classname="testBase.BaseClass" name="@BeforeClass setUp" time="-1.745316888766E9">
    <failure type="org.testng.TestNGException" message="
Parameter &amp;apos;os&amp;apos; is required by BeforeClass on method setUp but has not been marked @Optional or defined
in F:\EclipsData\OpenCart\Grouping.xml">
      <![CDATA[org.testng.TestNGException: 
Parameter 'os' is required by BeforeClass on method setUp but has not been marked @Optional or defined
in F:\EclipsData\OpenCart\Grouping.xml
at java.base/java.util.ArrayList.forEach(ArrayList.java:1596)
... Removed 22 stack frames]]>
    </failure>
  </testcase> <!-- @BeforeClass setUp -->
  <testcase classname="testBase.BaseClass" name="@AfterClass tearDown" time="0.0">
    <skipped/>
  </testcase> <!-- @AfterClass tearDown -->
  <testcase classname="testCases.TC_002_LoginTest" name="verify_Login" time="0.0">
    <skipped/>
  </testcase> <!-- verify_Login -->
  <testcase classname="testCases.TC001_RegistraionTest" name="Verify_registration" time="0.0">
    <ignored/>
  </testcase> <!-- Verify_registration -->
</testsuite> <!-- Test -->
