<?xml version="1.0" encoding="UTF-8"?>
<!-- Generated by org.testng.reporters.JUnitXMLReporter -->
<testsuite ignored="0" hostname="DESKTOP-29610L1" failures="0" tests="1" name="Test(failed)" time="0.361" errors="0" timestamp="2025-04-22T20:40:24 IST">
  <testcase classname="testBase.BaseClass" name="@BeforeClass setUp" time="-1.745334624489E9">
    <failure type="org.testng.TestNGException" message="
Parameter &amp;apos;os&amp;apos; is required by BeforeClass on method setUp but has not been marked @Optional or defined
in F:\EclipsData\OpenCart\test-output\testng-failed.xml">
      <![CDATA[org.testng.TestNGException: 
Parameter 'os' is required by BeforeClass on method setUp but has not been marked @Optional or defined
in F:\EclipsData\OpenCart\test-output\testng-failed.xml
at java.base/java.util.ArrayList.forEach(ArrayList.java:1596)
... Removed 22 stack frames]]>
    </failure>
  </testcase> <!-- @BeforeClass setUp -->
  <testcase classname="testBase.BaseClass" name="@AfterClass tearDown" time="0.0">
    <skipped/>
  </testcase> <!-- @AfterClass tearDown -->
  <testcase classname="testCases.TC_002_LoginTest" name="verify_Login" time="0.003">
    <skipped/>
  </testcase> <!-- verify_Login -->
</testsuite> <!-- Test(failed) -->
